2026-03-16 09:16:41 - INFO - Flask Sub.py logging initialized
2026-03-16 09:16:42 - INFO - [31m[1mWARNING: This is a development server. Do not use it in a production deployment. Use a production WSGI server instead.[0m
 * Running on http://127.0.0.1:5009
2026-03-16 09:16:42 - INFO - [33mPress CTRL+C to quit[0m
2026-03-16 09:16:42 - INFO -  * Restarting with stat
2026-03-16 09:16:42 - INFO - Flask Sub.py logging initialized
2026-03-16 09:16:42 - WARNING -  * Debugger is active!
2026-03-16 09:16:42 - INFO -  * Debugger PIN: 939-198-847
2026-03-16 09:18:13 - INFO - Flask Sub.py logging initialized
2026-03-16 09:18:13 - INFO - [31m[1mWARNING: This is a development server. Do not use it in a production deployment. Use a production WSGI server instead.[0m
 * Running on http://127.0.0.1:5009
2026-03-16 09:18:13 - INFO - [33mPress CTRL+C to quit[0m
2026-03-16 09:18:13 - INFO -  * Restarting with stat
2026-03-16 09:18:13 - INFO - Flask Sub.py logging initialized
2026-03-16 09:18:13 - WARNING -  * Debugger is active!
2026-03-16 09:18:13 - INFO -  * Debugger PIN: 939-198-847
2026-03-16 09:19:10 - INFO - Flask Sub.py logging initialized
2026-03-16 09:19:10 - INFO - [31m[1mWARNING: This is a development server. Do not use it in a production deployment. Use a production WSGI server instead.[0m
 * Running on http://127.0.0.1:5009
2026-03-16 09:19:10 - INFO - [33mPress CTRL+C to quit[0m
2026-03-16 09:19:10 - INFO -  * Restarting with stat
2026-03-16 09:19:10 - INFO - Flask Sub.py logging initialized
2026-03-16 09:19:10 - WARNING -  * Debugger is active!
2026-03-16 09:19:10 - INFO -  * Debugger PIN: 939-198-847
2026-03-16 09:38:13 - INFO - Flask Sub.py logging initialized
2026-03-16 09:38:13 - INFO - [31m[1mWARNING: This is a development server. Do not use it in a production deployment. Use a production WSGI server instead.[0m
 * Running on http://127.0.0.1:5009
2026-03-16 09:38:13 - INFO - [33mPress CTRL+C to quit[0m
2026-03-16 09:38:13 - INFO -  * Restarting with stat
2026-03-16 09:38:14 - INFO - Flask Sub.py logging initialized
2026-03-16 09:38:14 - WARNING -  * Debugger is active!
2026-03-16 09:38:14 - INFO -  * Debugger PIN: 939-198-847
2026-03-16 11:31:27 - INFO - Flask Sub.py logging initialized
2026-03-16 11:31:27 - INFO - [31m[1mWARNING: This is a development server. Do not use it in a production deployment. Use a production WSGI server instead.[0m
 * Running on http://127.0.0.1:5009
2026-03-16 11:31:27 - INFO - [33mPress CTRL+C to quit[0m
2026-03-16 11:31:27 - INFO -  * Restarting with stat
2026-03-16 11:31:28 - INFO - Flask Sub.py logging initialized
2026-03-16 11:31:28 - WARNING -  * Debugger is active!
2026-03-16 11:31:28 - INFO -  * Debugger PIN: 939-198-847
